\BOOKMARK [0][-]{chapter.1}{\376\377\000P\000h\000a\000s\000e\000\040\0002\000\040\000S\000u\000b\000m\000i\000s\000s\000i\000o\000n}{}% 1
\BOOKMARK [0][-]{chapter.2}{\376\377\000H\000i\000e\000r\000a\000r\000c\000h\000i\000c\000a\000l\000\040\000I\000n\000d\000e\000x}{}% 2
\BOOKMARK [1][-]{section.2.1}{\376\377\000C\000l\000a\000s\000s\000\040\000H\000i\000e\000r\000a\000r\000c\000h\000y}{chapter.2}% 3
\BOOKMARK [0][-]{chapter.3}{\376\377\000C\000l\000a\000s\000s\000\040\000I\000n\000d\000e\000x}{}% 4
\BOOKMARK [1][-]{section.3.1}{\376\377\000C\000l\000a\000s\000s\000\040\000L\000i\000s\000t}{chapter.3}% 5
\BOOKMARK [0][-]{chapter.4}{\376\377\000F\000i\000l\000e\000\040\000I\000n\000d\000e\000x}{}% 6
\BOOKMARK [1][-]{section.4.1}{\376\377\000F\000i\000l\000e\000\040\000L\000i\000s\000t}{chapter.4}% 7
\BOOKMARK [0][-]{chapter.5}{\376\377\000C\000l\000a\000s\000s\000\040\000D\000o\000c\000u\000m\000e\000n\000t\000a\000t\000i\000o\000n}{}% 8
\BOOKMARK [1][-]{section.5.1}{\376\377\000b\000i\000r\000t\000h\000d\000a\000y\000w\000i\000d\000g\000e\000t\000\040\000C\000l\000a\000s\000s\000\040\000R\000e\000f\000e\000r\000e\000n\000c\000e}{chapter.5}% 9
\BOOKMARK [2][-]{subsection.5.1.1}{\376\377\000M\000e\000m\000b\000e\000r\000\040\000F\000u\000n\000c\000t\000i\000o\000n\000\040\000D\000o\000c\000u\000m\000e\000n\000t\000a\000t\000i\000o\000n}{section.5.1}% 10
\BOOKMARK [3][-]{subsubsection.5.1.1.1}{\376\377\000c\000o\000n\000f\000i\000r\000m\000E\000x\000i\000t}{subsection.5.1.1}% 11
\BOOKMARK [1][-]{section.5.2}{\376\377\000g\000a\000m\000e\000S\000c\000e\000n\000e\000\137\0001\000\040\000C\000l\000a\000s\000s\000\040\000R\000e\000f\000e\000r\000e\000n\000c\000e}{chapter.5}% 12
\BOOKMARK [2][-]{subsection.5.2.1}{\376\377\000M\000e\000m\000b\000e\000r\000\040\000F\000u\000n\000c\000t\000i\000o\000n\000\040\000D\000o\000c\000u\000m\000e\000n\000t\000a\000t\000i\000o\000n}{section.5.2}% 13
\BOOKMARK [3][-]{subsubsection.5.2.1.1}{\376\377\000b\000a\000c\000k\000T\000o\000M\000e\000n\000u}{subsection.5.2.1}% 14
\BOOKMARK [3][-]{subsubsection.5.2.1.2}{\376\377\000d\000i\000c\000e\000R\000o\000l\000l}{subsection.5.2.1}% 15
\BOOKMARK [3][-]{subsubsection.5.2.1.3}{\376\377\000g\000e\000n\000e\000r\000a\000t\000e\000B\000o\000a\000r\000d}{subsection.5.2.1}% 16
\BOOKMARK [3][-]{subsubsection.5.2.1.4}{\376\377\000l\000o\000a\000d\000G\000a\000m\000e}{subsection.5.2.1}% 17
\BOOKMARK [3][-]{subsubsection.5.2.1.5}{\376\377\000m\000o\000v\000e\000P\000l\000a\000y\000e\000r}{subsection.5.2.1}% 18
\BOOKMARK [3][-]{subsubsection.5.2.1.6}{\376\377\000m\000o\000v\000e\000P\000l\000a\000y\000e\000r\000O\000p\000p}{subsection.5.2.1}% 19
\BOOKMARK [3][-]{subsubsection.5.2.1.7}{\376\377\000s\000e\000l\000e\000c\000t\000L\000e\000f\000t}{subsection.5.2.1}% 20
\BOOKMARK [3][-]{subsubsection.5.2.1.8}{\376\377\000s\000e\000l\000e\000c\000t\000R\000i\000g\000h\000t}{subsection.5.2.1}% 21
\BOOKMARK [3][-]{subsubsection.5.2.1.9}{\376\377\000w\000i\000n\000C\000o\000n\000d\000i\000t\000i\000o\000n}{subsection.5.2.1}% 22
\BOOKMARK [1][-]{section.5.3}{\376\377\000g\000a\000m\000e\000S\000c\000e\000n\000e\000\137\0001\000\137\000d\000i\000c\000e\000\040\000C\000l\000a\000s\000s\000\040\000R\000e\000f\000e\000r\000e\000n\000c\000e}{chapter.5}% 23
\BOOKMARK [2][-]{subsection.5.3.1}{\376\377\000M\000e\000m\000b\000e\000r\000\040\000F\000u\000n\000c\000t\000i\000o\000n\000\040\000D\000o\000c\000u\000m\000e\000n\000t\000a\000t\000i\000o\000n}{section.5.3}% 24
\BOOKMARK [3][-]{subsubsection.5.3.1.1}{\376\377\000s\000e\000t\000u\000p}{subsection.5.3.1}% 25
\BOOKMARK [3][-]{subsubsection.5.3.1.2}{\376\377\000u\000p\000d\000a\000t\000e}{subsection.5.3.1}% 26
\BOOKMARK [1][-]{section.5.4}{\376\377\000g\000a\000m\000e\000s\000c\000e\000n\000e\000\137\0001\000\137\000l\000a\000d\000d\000e\000r\000S\000n\000a\000k\000e\000\040\000C\000l\000a\000s\000s\000\040\000R\000e\000f\000e\000r\000e\000n\000c\000e}{chapter.5}% 27
\BOOKMARK [2][-]{subsection.5.4.1}{\376\377\000M\000e\000m\000b\000e\000r\000\040\000F\000u\000n\000c\000t\000i\000o\000n\000\040\000D\000o\000c\000u\000m\000e\000n\000t\000a\000t\000i\000o\000n}{section.5.4}% 28
\BOOKMARK [3][-]{subsubsection.5.4.1.1}{\376\377\000g\000e\000t\000X\000Y\000c\000a\000s\000e}{subsection.5.4.1}% 29
\BOOKMARK [3][-]{subsubsection.5.4.1.2}{\376\377\000i\000n\000i\000t\000L\000a\000d\000d\000e\000r}{subsection.5.4.1}% 30
\BOOKMARK [1][-]{section.5.5}{\376\377\000g\000a\000m\000e\000S\000c\000e\000n\000e\000\137\0001\000\137\000p\000l\000a\000y\000e\000r\000\040\000C\000l\000a\000s\000s\000\040\000R\000e\000f\000e\000r\000e\000n\000c\000e}{chapter.5}% 31
\BOOKMARK [2][-]{subsection.5.5.1}{\376\377\000M\000e\000m\000b\000e\000r\000\040\000F\000u\000n\000c\000t\000i\000o\000n\000\040\000D\000o\000c\000u\000m\000e\000n\000t\000a\000t\000i\000o\000n}{section.5.5}% 32
\BOOKMARK [3][-]{subsubsection.5.5.1.1}{\376\377\000m\000o\000v\000e\000I\000n\000s\000t\000a\000n\000t\000a\000n\000e\000o\000u\000s}{subsection.5.5.1}% 33
\BOOKMARK [3][-]{subsubsection.5.5.1.2}{\376\377\000s\000e\000t\000u\000p}{subsection.5.5.1}% 34
\BOOKMARK [1][-]{section.5.6}{\376\377\000l\000o\000g\000i\000n\000W\000i\000d\000g\000e\000t\000\040\000C\000l\000a\000s\000s\000\040\000R\000e\000f\000e\000r\000e\000n\000c\000e}{chapter.5}% 35
\BOOKMARK [2][-]{subsection.5.6.1}{\376\377\000M\000e\000m\000b\000e\000r\000\040\000F\000u\000n\000c\000t\000i\000o\000n\000\040\000D\000o\000c\000u\000m\000e\000n\000t\000a\000t\000i\000o\000n}{section.5.6}% 36
\BOOKMARK [3][-]{subsubsection.5.6.1.1}{\376\377\000c\000h\000e\000c\000k\000L\000o\000g\000i\000n}{subsection.5.6.1}% 37
\BOOKMARK [3][-]{subsubsection.5.6.1.2}{\376\377\000G\000o\000T\000o\000M\000a\000i\000n\000A\000s\000G\000u\000e\000s\000t}{subsection.5.6.1}% 38
\BOOKMARK [3][-]{subsubsection.5.6.1.3}{\376\377\000G\000o\000T\000o\000R\000e\000g\000i\000s\000t\000e\000r\000P\000a\000g\000e}{subsection.5.6.1}% 39
\BOOKMARK [1][-]{section.5.7}{\376\377\000m\000e\000n\000u\000W\000i\000d\000g\000e\000t\000\040\000C\000l\000a\000s\000s\000\040\000R\000e\000f\000e\000r\000e\000n\000c\000e}{chapter.5}% 40
\BOOKMARK [2][-]{subsection.5.7.1}{\376\377\000M\000e\000m\000b\000e\000r\000\040\000F\000u\000n\000c\000t\000i\000o\000n\000\040\000D\000o\000c\000u\000m\000e\000n\000t\000a\000t\000i\000o\000n}{section.5.7}% 41
\BOOKMARK [3][-]{subsubsection.5.7.1.1}{\376\377\000l\000o\000a\000d\000G\000a\000m\000e}{subsection.5.7.1}% 42
\BOOKMARK [3][-]{subsubsection.5.7.1.2}{\376\377\000r\000e\000a\000d\000F\000r\000o\000m\000J\000s\000o\000n\000P\000r\000o\000f\000i\000l\000e}{subsection.5.7.1}% 43
\BOOKMARK [3][-]{subsubsection.5.7.1.3}{\376\377\000s\000t\000a\000r\000t\000G\000a\000m\000e\000C\000P\000U}{subsection.5.7.1}% 44
\BOOKMARK [3][-]{subsubsection.5.7.1.4}{\376\377\000s\000t\000a\000r\000t\000G\000a\000m\000e\000M\000u\000l\000t\000i\000p\000l\000a\000y\000e\000r}{subsection.5.7.1}% 45
\BOOKMARK [1][-]{section.5.8}{\376\377\000r\000e\000g\000i\000s\000t\000e\000r\000W\000i\000d\000g\000e\000t\000\040\000C\000l\000a\000s\000s\000\040\000R\000e\000f\000e\000r\000e\000n\000c\000e}{chapter.5}% 46
\BOOKMARK [2][-]{subsection.5.8.1}{\376\377\000M\000e\000m\000b\000e\000r\000\040\000F\000u\000n\000c\000t\000i\000o\000n\000\040\000D\000o\000c\000u\000m\000e\000n\000t\000a\000t\000i\000o\000n}{section.5.8}% 47
\BOOKMARK [3][-]{subsubsection.5.8.1.1}{\376\377\000c\000a\000n\000c\000e\000l\000R\000e\000g\000i\000s\000t\000r\000a\000t\000i\000o\000n}{subsection.5.8.1}% 48
\BOOKMARK [3][-]{subsubsection.5.8.1.2}{\376\377\000c\000h\000e\000c\000k\000C\000o\000n\000d\000i\000t\000i\000o\000n\000s}{subsection.5.8.1}% 49
\BOOKMARK [3][-]{subsubsection.5.8.1.3}{\376\377\000c\000o\000n\000f\000i\000r\000m\000R\000e\000g\000i\000s\000t\000r\000a\000t\000i\000o\000n}{subsection.5.8.1}% 50
\BOOKMARK [3][-]{subsubsection.5.8.1.4}{\376\377\000p\000a\000s\000s\000C\000h\000e\000c\000k}{subsection.5.8.1}% 51
\BOOKMARK [3][-]{subsubsection.5.8.1.5}{\376\377\000s\000e\000l\000e\000c\000t\000P\000i\000c\000t\000u\000r\000e}{subsection.5.8.1}% 52
\BOOKMARK [0][-]{chapter.6}{\376\377\000F\000i\000l\000e\000\040\000D\000o\000c\000u\000m\000e\000n\000t\000a\000t\000i\000o\000n}{}% 53
\BOOKMARK [1][-]{section.6.1}{\376\377\000b\000i\000r\000t\000h\000d\000a\000y\000w\000i\000d\000g\000e\000t\000.\000c\000p\000p\000\040\000F\000i\000l\000e\000\040\000R\000e\000f\000e\000r\000e\000n\000c\000e}{chapter.6}% 54
\BOOKMARK [2][-]{subsection.6.1.1}{\376\377\000D\000e\000t\000a\000i\000l\000e\000d\000\040\000D\000e\000s\000c\000r\000i\000p\000t\000i\000o\000n}{section.6.1}% 55
\BOOKMARK [1][-]{section.6.2}{\376\377\000b\000i\000r\000t\000h\000d\000a\000y\000w\000i\000d\000g\000e\000t\000.\000h\000\040\000F\000i\000l\000e\000\040\000R\000e\000f\000e\000r\000e\000n\000c\000e}{chapter.6}% 56
\BOOKMARK [2][-]{subsection.6.2.1}{\376\377\000D\000e\000t\000a\000i\000l\000e\000d\000\040\000D\000e\000s\000c\000r\000i\000p\000t\000i\000o\000n}{section.6.2}% 57
\BOOKMARK [1][-]{section.6.3}{\376\377\000g\000a\000m\000e\000s\000c\000e\000n\000e\000\137\0001\000.\000h\000\040\000F\000i\000l\000e\000\040\000R\000e\000f\000e\000r\000e\000n\000c\000e}{chapter.6}% 58
\BOOKMARK [2][-]{subsection.6.3.1}{\376\377\000D\000e\000t\000a\000i\000l\000e\000d\000\040\000D\000e\000s\000c\000r\000i\000p\000t\000i\000o\000n}{section.6.3}% 59
\BOOKMARK [1][-]{section.6.4}{\376\377\000g\000a\000m\000e\000s\000c\000e\000n\000e\000\137\0001\000\137\000d\000i\000c\000e\000.\000h\000\040\000F\000i\000l\000e\000\040\000R\000e\000f\000e\000r\000e\000n\000c\000e}{chapter.6}% 60
\BOOKMARK [2][-]{subsection.6.4.1}{\376\377\000D\000e\000t\000a\000i\000l\000e\000d\000\040\000D\000e\000s\000c\000r\000i\000p\000t\000i\000o\000n}{section.6.4}% 61
\BOOKMARK [1][-]{section.6.5}{\376\377\000m\000e\000n\000u\000w\000i\000d\000g\000e\000t\000.\000c\000p\000p\000\040\000F\000i\000l\000e\000\040\000R\000e\000f\000e\000r\000e\000n\000c\000e}{chapter.6}% 62
\BOOKMARK [2][-]{subsection.6.5.1}{\376\377\000D\000e\000t\000a\000i\000l\000e\000d\000\040\000D\000e\000s\000c\000r\000i\000p\000t\000i\000o\000n}{section.6.5}% 63
\BOOKMARK [1][-]{section.6.6}{\376\377\000m\000e\000n\000u\000w\000i\000d\000g\000e\000t\000.\000h\000\040\000F\000i\000l\000e\000\040\000R\000e\000f\000e\000r\000e\000n\000c\000e}{chapter.6}% 64
\BOOKMARK [2][-]{subsection.6.6.1}{\376\377\000D\000e\000t\000a\000i\000l\000e\000d\000\040\000D\000e\000s\000c\000r\000i\000p\000t\000i\000o\000n}{section.6.6}% 65
\BOOKMARK [1][-]{section.6.7}{\376\377\000r\000e\000g\000i\000s\000t\000e\000r\000w\000i\000d\000g\000e\000t\000.\000c\000p\000p\000\040\000F\000i\000l\000e\000\040\000R\000e\000f\000e\000r\000e\000n\000c\000e}{chapter.6}% 66
\BOOKMARK [2][-]{subsection.6.7.1}{\376\377\000D\000e\000t\000a\000i\000l\000e\000d\000\040\000D\000e\000s\000c\000r\000i\000p\000t\000i\000o\000n}{section.6.7}% 67
